C:\USERS\USER\DESKTOP\копии лаб\NEW_REPOSITORY_LAB3_POSTFIX — копия(последняя версия)\SLN\VC12\LAB3_POSTFIX\SAMPLE_LIST\DEBUG\SAMPLE_LIST.OBJ
C:\USERS\USER\DESKTOP\КОПИИ ЛАБ\NEW_REPOSITORY_LAB3_POSTFIX — КОПИЯ(ПОСЛЕДНЯЯ ВЕРСИЯ)\SLN\VC12\LAB3_POSTFIX\SAMPLE_LIST\DEBUG\VC110.PDB
C:\USERS\USER\DESKTOP\копии лаб\NEW_REPOSITORY_LAB3_POSTFIX — копия(последняя версия)\SLN\VC12\LAB3_POSTFIX\DEBUG\SAMPLE_LIST.ILK
C:\USERS\USER\DESKTOP\копии лаб\NEW_REPOSITORY_LAB3_POSTFIX — копия(последняя версия)\SLN\VC12\LAB3_POSTFIX\DEBUG\SAMPLE_LIST.EXE
C:\USERS\USER\DESKTOP\КОПИИ ЛАБ\NEW_REPOSITORY_LAB3_POSTFIX — КОПИЯ(ПОСЛЕДНЯЯ ВЕРСИЯ)\SLN\VC12\LAB3_POSTFIX\DEBUG\SAMPLE_LIST.PDB
C:\Users\User\Desktop\копии лаб\New_repository_lab3_postfix — копия(последняя версия)\sln\vc12\lab3_postfix\sample_list\Debug\sample_list.obj
C:\Users\User\Desktop\копии лаб\New_repository_lab3_postfix — копия(последняя версия)\sln\vc12\lab3_postfix\sample_list\Debug\cl.command.1.tlog
C:\Users\User\Desktop\копии лаб\New_repository_lab3_postfix — копия(последняя версия)\sln\vc12\lab3_postfix\sample_list\Debug\CL.read.1.tlog
C:\Users\User\Desktop\копии лаб\New_repository_lab3_postfix — копия(последняя версия)\sln\vc12\lab3_postfix\sample_list\Debug\CL.write.1.tlog
C:\Users\User\Desktop\копии лаб\New_repository_lab3_postfix — копия(последняя версия)\sln\vc12\lab3_postfix\sample_list\Debug\link-cvtres.read.1.tlog
C:\Users\User\Desktop\копии лаб\New_repository_lab3_postfix — копия(последняя версия)\sln\vc12\lab3_postfix\sample_list\Debug\link-cvtres.write.1.tlog
C:\Users\User\Desktop\копии лаб\New_repository_lab3_postfix — копия(последняя версия)\sln\vc12\lab3_postfix\sample_list\Debug\link-rc.read.1.tlog
C:\Users\User\Desktop\копии лаб\New_repository_lab3_postfix — копия(последняя версия)\sln\vc12\lab3_postfix\sample_list\Debug\link-rc.write.1.tlog
C:\Users\User\Desktop\копии лаб\New_repository_lab3_postfix — копия(последняя версия)\sln\vc12\lab3_postfix\sample_list\Debug\link.command.1.tlog
C:\Users\User\Desktop\копии лаб\New_repository_lab3_postfix — копия(последняя версия)\sln\vc12\lab3_postfix\sample_list\Debug\link.read.1.tlog
C:\Users\User\Desktop\копии лаб\New_repository_lab3_postfix — копия(последняя версия)\sln\vc12\lab3_postfix\sample_list\Debug\link.write.1.tlog
C:\Users\User\Desktop\копии лаб\New_repository_lab3_postfix — копия(последняя версия)\sln\vc12\lab3_postfix\sample_list\Debug\vc110.idb
C:\Users\User\Desktop\копии лаб\New_repository_lab3_postfix — копия(последняя версия)\sln\vc12\lab3_postfix\sample_list\Debug\vc110.pdb
C:\Users\User\Desktop\копии лаб\New_repository_lab3_postfix — копия(последняя версия)\sln\vc12\lab3_postfix\Debug\sample_list.pdb
C:\Users\User\Desktop\копии лаб\New_repository_lab3_postfix — копия(последняя версия)\sln\vc12\lab3_postfix\Debug\sample_list.exe
C:\Users\User\Desktop\копии лаб\New_repository_lab3_postfix — копия(последняя версия)\sln\vc12\lab3_postfix\Debug\sample_list.ilk
