C:\USERS\USER\DESKTOP\копии лаб\NEW_REPOSITORY_LAB3_POSTFIX — копия(последняя версия)\SLN\VC12\LAB3_POSTFIX\SAMPLE_POSTFIX\DEBUG\SAMPLE_POSTFIX.OBJ
C:\USERS\USER\DESKTOP\КОПИИ ЛАБ\NEW_REPOSITORY_LAB3_POSTFIX — КОПИЯ(ПОСЛЕДНЯЯ ВЕРСИЯ)\SLN\VC12\LAB3_POSTFIX\SAMPLE_POSTFIX\DEBUG\VC110.PDB
C:\USERS\USER\DESKTOP\копии лаб\NEW_REPOSITORY_LAB3_POSTFIX — копия(последняя версия)\SLN\VC12\LAB3_POSTFIX\DEBUG\SAMPLE_POSTFIX.ILK
C:\USERS\USER\DESKTOP\копии лаб\NEW_REPOSITORY_LAB3_POSTFIX — копия(последняя версия)\SLN\VC12\LAB3_POSTFIX\DEBUG\SAMPLE_POSTFIX.EXE
C:\USERS\USER\DESKTOP\КОПИИ ЛАБ\NEW_REPOSITORY_LAB3_POSTFIX — КОПИЯ(ПОСЛЕДНЯЯ ВЕРСИЯ)\SLN\VC12\LAB3_POSTFIX\DEBUG\SAMPLE_POSTFIX.PDB
C:\Users\User\Desktop\копии лаб\New_repository_lab3_postfix — копия(последняя версия)\sln\vc12\lab3_postfix\sample_postfix\Debug\sample_postfix.obj
C:\Users\User\Desktop\копии лаб\New_repository_lab3_postfix — копия(последняя версия)\sln\vc12\lab3_postfix\sample_postfix\Debug\cl.command.1.tlog
C:\Users\User\Desktop\копии лаб\New_repository_lab3_postfix — копия(последняя версия)\sln\vc12\lab3_postfix\sample_postfix\Debug\CL.read.1.tlog
C:\Users\User\Desktop\копии лаб\New_repository_lab3_postfix — копия(последняя версия)\sln\vc12\lab3_postfix\sample_postfix\Debug\CL.write.1.tlog
C:\Users\User\Desktop\копии лаб\New_repository_lab3_postfix — копия(последняя версия)\sln\vc12\lab3_postfix\sample_postfix\Debug\link-cvtres.read.1.tlog
C:\Users\User\Desktop\копии лаб\New_repository_lab3_postfix — копия(последняя версия)\sln\vc12\lab3_postfix\sample_postfix\Debug\link-cvtres.write.1.tlog
C:\Users\User\Desktop\копии лаб\New_repository_lab3_postfix — копия(последняя версия)\sln\vc12\lab3_postfix\sample_postfix\Debug\link-rc.read.1.tlog
C:\Users\User\Desktop\копии лаб\New_repository_lab3_postfix — копия(последняя версия)\sln\vc12\lab3_postfix\sample_postfix\Debug\link-rc.write.1.tlog
C:\Users\User\Desktop\копии лаб\New_repository_lab3_postfix — копия(последняя версия)\sln\vc12\lab3_postfix\sample_postfix\Debug\link.command.1.tlog
C:\Users\User\Desktop\копии лаб\New_repository_lab3_postfix — копия(последняя версия)\sln\vc12\lab3_postfix\sample_postfix\Debug\link.read.1.tlog
C:\Users\User\Desktop\копии лаб\New_repository_lab3_postfix — копия(последняя версия)\sln\vc12\lab3_postfix\sample_postfix\Debug\link.write.1.tlog
C:\Users\User\Desktop\копии лаб\New_repository_lab3_postfix — копия(последняя версия)\sln\vc12\lab3_postfix\sample_postfix\Debug\vc110.idb
C:\Users\User\Desktop\копии лаб\New_repository_lab3_postfix — копия(последняя версия)\sln\vc12\lab3_postfix\sample_postfix\Debug\vc110.pdb
C:\Users\User\Desktop\копии лаб\New_repository_lab3_postfix — копия(последняя версия)\sln\vc12\lab3_postfix\Debug\sample_postfix.pdb
C:\Users\User\Desktop\копии лаб\New_repository_lab3_postfix — копия(последняя версия)\sln\vc12\lab3_postfix\Debug\sample_postfix.exe
C:\Users\User\Desktop\копии лаб\New_repository_lab3_postfix — копия(последняя версия)\sln\vc12\lab3_postfix\Debug\sample_postfix.ilk
