C:\USERS\USER\DESKTOP\копии лаб\NEW_REPOSITORY_LAB3_POSTFIX — копия(последняя версия)\SLN\VC12\LAB3_POSTFIX\SAMPLE_STACK\DEBUG\SAMPLE_STACK.OBJ
C:\USERS\USER\DESKTOP\КОПИИ ЛАБ\NEW_REPOSITORY_LAB3_POSTFIX — КОПИЯ(ПОСЛЕДНЯЯ ВЕРСИЯ)\SLN\VC12\LAB3_POSTFIX\SAMPLE_STACK\DEBUG\VC110.PDB
C:\USERS\USER\DESKTOP\копии лаб\NEW_REPOSITORY_LAB3_POSTFIX — копия(последняя версия)\SLN\VC12\LAB3_POSTFIX\DEBUG\SAMPLE_STACK.ILK
C:\USERS\USER\DESKTOP\копии лаб\NEW_REPOSITORY_LAB3_POSTFIX — копия(последняя версия)\SLN\VC12\LAB3_POSTFIX\DEBUG\SAMPLE_STACK.EXE
C:\USERS\USER\DESKTOP\КОПИИ ЛАБ\NEW_REPOSITORY_LAB3_POSTFIX — КОПИЯ(ПОСЛЕДНЯЯ ВЕРСИЯ)\SLN\VC12\LAB3_POSTFIX\DEBUG\SAMPLE_STACK.PDB
C:\Users\User\Desktop\копии лаб\New_repository_lab3_postfix — копия(последняя версия)\sln\vc12\lab3_postfix\sample_stack\Debug\sample_stack.obj
C:\Users\User\Desktop\копии лаб\New_repository_lab3_postfix — копия(последняя версия)\sln\vc12\lab3_postfix\sample_stack\Debug\cl.command.1.tlog
C:\Users\User\Desktop\копии лаб\New_repository_lab3_postfix — копия(последняя версия)\sln\vc12\lab3_postfix\sample_stack\Debug\CL.read.1.tlog
C:\Users\User\Desktop\копии лаб\New_repository_lab3_postfix — копия(последняя версия)\sln\vc12\lab3_postfix\sample_stack\Debug\CL.write.1.tlog
C:\Users\User\Desktop\копии лаб\New_repository_lab3_postfix — копия(последняя версия)\sln\vc12\lab3_postfix\sample_stack\Debug\link-cvtres.read.1.tlog
C:\Users\User\Desktop\копии лаб\New_repository_lab3_postfix — копия(последняя версия)\sln\vc12\lab3_postfix\sample_stack\Debug\link-cvtres.write.1.tlog
C:\Users\User\Desktop\копии лаб\New_repository_lab3_postfix — копия(последняя версия)\sln\vc12\lab3_postfix\sample_stack\Debug\link-rc.read.1.tlog
C:\Users\User\Desktop\копии лаб\New_repository_lab3_postfix — копия(последняя версия)\sln\vc12\lab3_postfix\sample_stack\Debug\link-rc.write.1.tlog
C:\Users\User\Desktop\копии лаб\New_repository_lab3_postfix — копия(последняя версия)\sln\vc12\lab3_postfix\sample_stack\Debug\link.command.1.tlog
C:\Users\User\Desktop\копии лаб\New_repository_lab3_postfix — копия(последняя версия)\sln\vc12\lab3_postfix\sample_stack\Debug\link.read.1.tlog
C:\Users\User\Desktop\копии лаб\New_repository_lab3_postfix — копия(последняя версия)\sln\vc12\lab3_postfix\sample_stack\Debug\link.write.1.tlog
C:\Users\User\Desktop\копии лаб\New_repository_lab3_postfix — копия(последняя версия)\sln\vc12\lab3_postfix\sample_stack\Debug\vc110.idb
C:\Users\User\Desktop\копии лаб\New_repository_lab3_postfix — копия(последняя версия)\sln\vc12\lab3_postfix\sample_stack\Debug\vc110.pdb
C:\Users\User\Desktop\копии лаб\New_repository_lab3_postfix — копия(последняя версия)\sln\vc12\lab3_postfix\Debug\sample_stack.pdb
C:\Users\User\Desktop\копии лаб\New_repository_lab3_postfix — копия(последняя версия)\sln\vc12\lab3_postfix\Debug\sample_stack.exe
C:\Users\User\Desktop\копии лаб\New_repository_lab3_postfix — копия(последняя версия)\sln\vc12\lab3_postfix\Debug\sample_stack.ilk
